2025-11-07 13:18:20.211 [main] INFO  [BookingRepository.java:41] - Booking has been added
2025-11-07 13:18:20.213 [main] INFO  [BookingRepository.java:41] - Booking has been added
2025-11-07 13:18:20.214 [main] INFO  [BookingRepository.java:41] - Booking has been added
2025-11-07 14:23:38.403 [main] INFO  [BookingRepository.java:41] - Booking has been added
2025-11-07 14:23:38.404 [main] INFO  [BookingRepository.java:41] - Booking has been added
2025-11-07 14:23:38.404 [main] INFO  [BookingRepository.java:41] - Booking has been added
2025-11-07 14:23:38.404 [main] INFO  [BookingRepository.java:41] - Booking has been added
2025-11-07 14:23:38.404 [main] INFO  [BookingRepository.java:41] - Booking has been added
2025-11-07 14:23:38.404 [main] INFO  [BookingRepository.java:41] - Booking has been added
2025-11-07 14:25:52.134 [main] INFO  [BookingRepository.java:41] - Booking has been added
2025-11-07 14:25:52.136 [main] INFO  [BookingRepository.java:41] - Booking has been added
2025-11-07 14:25:52.136 [main] INFO  [BookingRepository.java:41] - Booking has been added
2025-11-07 14:25:52.136 [main] INFO  [BookingRepository.java:41] - Booking has been added
2025-11-07 14:25:52.136 [main] INFO  [BookingRepository.java:41] - Booking has been added
2025-11-07 14:25:52.136 [main] INFO  [BookingRepository.java:41] - Booking has been added
2025-11-07 14:42:25.737 [main] INFO  [BookingRepository.java:41] - Booking has been added
2025-11-07 14:42:25.739 [main] INFO  [BookingRepository.java:41] - Booking has been added
2025-11-07 14:42:25.739 [main] INFO  [BookingRepository.java:41] - Booking has been added
2025-11-07 14:42:25.739 [main] INFO  [BookingRepository.java:41] - Booking has been added
2025-11-07 14:42:25.739 [main] INFO  [BookingRepository.java:41] - Booking has been added
2025-11-07 14:42:25.739 [main] INFO  [BookingRepository.java:41] - Booking has been added
2025-11-07 14:59:24.221 [main] INFO  [BookingRepository.java:41] - Booking has been added
2025-11-07 14:59:24.223 [main] INFO  [BookingRepository.java:41] - Booking has been added
2025-11-07 14:59:24.223 [main] INFO  [BookingRepository.java:41] - Booking has been added
2025-11-07 14:59:24.223 [main] INFO  [BookingRepository.java:41] - Booking has been added
2025-11-07 14:59:24.223 [main] INFO  [BookingRepository.java:41] - Booking has been added
2025-11-07 14:59:24.223 [main] INFO  [BookingRepository.java:41] - Booking has been added
2025-11-07 14:59:32.967 [main] WARN  [BookingRepository.java:32] - Booking with id: 7 not found in the system
2025-11-07 15:01:16.098 [main] INFO  [BookingRepository.java:41] - Booking has been added
2025-11-07 15:01:16.100 [main] INFO  [BookingRepository.java:41] - Booking has been added
2025-11-07 15:01:16.100 [main] INFO  [BookingRepository.java:41] - Booking has been added
2025-11-07 15:01:16.100 [main] INFO  [BookingRepository.java:41] - Booking has been added
2025-11-07 15:01:16.100 [main] INFO  [BookingRepository.java:41] - Booking has been added
2025-11-07 15:01:16.100 [main] INFO  [BookingRepository.java:41] - Booking has been added
2025-11-07 15:01:51.014 [main] INFO  [BookingRepository.java:41] - Booking has been added
2025-11-07 15:01:51.016 [main] INFO  [BookingRepository.java:41] - Booking has been added
2025-11-07 15:01:51.016 [main] INFO  [BookingRepository.java:41] - Booking has been added
2025-11-07 15:01:51.016 [main] INFO  [BookingRepository.java:41] - Booking has been added
2025-11-07 15:01:51.016 [main] INFO  [BookingRepository.java:41] - Booking has been added
2025-11-07 15:01:51.016 [main] INFO  [BookingRepository.java:41] - Booking has been added
2025-11-07 15:01:56.885 [main] WARN  [BookingRepository.java:32] - Booking with id: 7 not found in the system
2025-11-07 15:04:44.143 [main] INFO  [BookingRepository.java:41] - Booking has been added
2025-11-07 15:04:44.144 [main] INFO  [BookingRepository.java:41] - Booking has been added
2025-11-07 15:04:44.144 [main] INFO  [BookingRepository.java:41] - Booking has been added
2025-11-07 15:04:44.144 [main] INFO  [BookingRepository.java:41] - Booking has been added
2025-11-07 15:04:44.144 [main] INFO  [BookingRepository.java:41] - Booking has been added
2025-11-07 15:04:44.144 [main] INFO  [BookingRepository.java:41] - Booking has been added
2025-11-07 15:05:44.879 [main] INFO  [BookingRepository.java:41] - Booking has been added
2025-11-07 15:05:44.881 [main] INFO  [BookingRepository.java:41] - Booking has been added
2025-11-07 15:05:44.881 [main] INFO  [BookingRepository.java:41] - Booking has been added
2025-11-07 15:05:44.881 [main] INFO  [BookingRepository.java:41] - Booking has been added
2025-11-07 15:05:44.881 [main] INFO  [BookingRepository.java:41] - Booking has been added
2025-11-07 15:05:44.881 [main] INFO  [BookingRepository.java:41] - Booking has been added
2025-11-07 15:06:24.443 [main] INFO  [BookingRepository.java:41] - Booking has been added
2025-11-07 15:06:24.444 [main] INFO  [BookingRepository.java:41] - Booking has been added
2025-11-07 15:06:24.444 [main] INFO  [BookingRepository.java:41] - Booking has been added
2025-11-07 15:06:24.444 [main] INFO  [BookingRepository.java:41] - Booking has been added
2025-11-07 15:06:24.444 [main] INFO  [BookingRepository.java:41] - Booking has been added
2025-11-07 15:06:24.444 [main] INFO  [BookingRepository.java:41] - Booking has been added
2025-11-07 15:07:44.100 [main] INFO  [BookingRepository.java:41] - Booking has been added
2025-11-07 15:07:44.101 [main] INFO  [BookingRepository.java:41] - Booking has been added
2025-11-07 15:07:44.101 [main] INFO  [BookingRepository.java:41] - Booking has been added
2025-11-07 15:07:44.101 [main] INFO  [BookingRepository.java:41] - Booking has been added
2025-11-07 15:07:44.101 [main] INFO  [BookingRepository.java:41] - Booking has been added
2025-11-07 15:07:44.101 [main] INFO  [BookingRepository.java:41] - Booking has been added
2025-11-07 15:09:48.755 [main] INFO  [BookingRepository.java:41] - Booking has been added
2025-11-07 15:09:48.757 [main] INFO  [BookingRepository.java:41] - Booking has been added
2025-11-07 15:09:48.757 [main] INFO  [BookingRepository.java:41] - Booking has been added
2025-11-07 15:09:48.757 [main] INFO  [BookingRepository.java:41] - Booking has been added
2025-11-07 15:09:48.757 [main] INFO  [BookingRepository.java:41] - Booking has been added
2025-11-07 15:09:48.757 [main] INFO  [BookingRepository.java:41] - Booking has been added
2025-11-07 15:45:10.734 [main] INFO  [BookingRepository.java:41] - Booking has been added
2025-11-07 15:45:10.736 [main] INFO  [BookingRepository.java:41] - Booking has been added
2025-11-07 15:45:10.736 [main] INFO  [BookingRepository.java:41] - Booking has been added
2025-11-07 15:45:10.736 [main] INFO  [BookingRepository.java:41] - Booking has been added
2025-11-07 15:45:10.736 [main] INFO  [BookingRepository.java:41] - Booking has been added
2025-11-07 15:45:10.736 [main] INFO  [BookingRepository.java:41] - Booking has been added
2025-11-07 15:45:39.118 [main] INFO  [BookingRepository.java:41] - Booking has been added
2025-11-07 15:45:39.121 [main] INFO  [BookingRepository.java:41] - Booking has been added
2025-11-07 15:45:39.121 [main] INFO  [BookingRepository.java:41] - Booking has been added
2025-11-07 15:45:39.121 [main] INFO  [BookingRepository.java:41] - Booking has been added
2025-11-07 15:45:39.121 [main] INFO  [BookingRepository.java:41] - Booking has been added
2025-11-07 15:45:39.121 [main] INFO  [BookingRepository.java:41] - Booking has been added
2025-11-07 15:45:58.835 [main] INFO  [BookingRepository.java:65] - Booking with id: 1 was removed
2025-11-07 15:46:33.088 [main] WARN  [BookingRepository.java:68] - Booking with id: 7 not found in system
2025-11-07 15:48:25.240 [main] INFO  [BookingRepository.java:41] - Booking has been added
2025-11-07 15:48:25.242 [main] INFO  [BookingRepository.java:41] - Booking has been added
2025-11-07 15:48:25.242 [main] INFO  [BookingRepository.java:41] - Booking has been added
2025-11-07 15:48:25.242 [main] INFO  [BookingRepository.java:41] - Booking has been added
2025-11-07 15:48:25.242 [main] INFO  [BookingRepository.java:41] - Booking has been added
2025-11-07 15:48:25.242 [main] INFO  [BookingRepository.java:41] - Booking has been added
2025-11-07 15:49:02.369 [main] INFO  [BookingRepository.java:65] - Booking with id: 1 was removed
2025-11-07 16:05:42.451 [main] INFO  [BookingRepository.java:45] - Booking has been added
2025-11-07 16:05:42.453 [main] INFO  [BookingRepository.java:45] - Booking has been added
2025-11-07 16:05:42.453 [main] INFO  [BookingRepository.java:45] - Booking has been added
2025-11-07 16:05:42.453 [main] INFO  [BookingRepository.java:45] - Booking has been added
2025-11-07 16:05:42.453 [main] INFO  [BookingRepository.java:45] - Booking has been added
2025-11-07 16:05:42.453 [main] INFO  [BookingRepository.java:45] - Booking has been added
2025-11-07 16:05:46.374 [main] INFO  [BookingRepository.java:25] - Returned a list of all current bookings
2025-11-07 16:05:53.008 [main] INFO  [BookingRepository.java:36] - Found booking with id: 5
2025-11-07 16:05:53.010 [main] INFO  [BookingRepository.java:54] - Booking has been updated
2025-11-07 16:05:57.636 [main] INFO  [BookingRepository.java:25] - Returned a list of all current bookings
2025-11-07 16:28:17.093 [main] INFO  [BookingRepository.java:44] - Booking has been added
2025-11-07 16:28:17.095 [main] INFO  [BookingRepository.java:44] - Booking has been added
2025-11-07 16:28:17.095 [main] INFO  [BookingRepository.java:44] - Booking has been added
2025-11-07 16:28:17.095 [main] INFO  [BookingRepository.java:44] - Booking has been added
2025-11-07 16:28:17.095 [main] INFO  [BookingRepository.java:44] - Booking has been added
2025-11-07 16:28:17.095 [main] INFO  [BookingRepository.java:44] - Booking has been added
2025-11-07 16:28:23.269 [main] INFO  [BookingRepository.java:24] - Returned a list of all current bookings
2025-11-07 16:28:27.168 [main] INFO  [BookingRepository.java:35] - Found booking with id: 6
2025-11-07 16:28:27.170 [main] INFO  [BookingRepository.java:53] - Booking has been updated
2025-11-07 16:28:27.172 [main] INFO  [MockEmailService.java:14] - E-mail has been sent to customer. To: omar.omarsson@icloud.com E-mail body: The status of your booking is now DONE
2025-11-07 16:29:19.490 [main] INFO  [BookingRepository.java:44] - Booking has been added
2025-11-07 16:29:19.490 [main] INFO  [MockEmailService.java:14] - E-mail has been sent to customer. To: dummy@gmail.com E-mail body: The status of your booking is now BOOKED
2025-11-07 16:49:56.070 [main] INFO  [BookingRepository.java:24] - Returned a list of all current bookings
2025-11-07 16:50:01.272 [main] INFO  [BookingRepository.java:35] - Found booking with id: 3
2025-11-07 16:50:01.273 [main] INFO  [BookingRepository.java:53] - Booking has been updated
2025-11-07 16:50:01.273 [main] INFO  [MockEmailService.java:14] - E-mail has been sent to customer. To: pelle@mail.com E-mail body: The status of your booking is now DONE
2025-11-07 16:50:15.182 [main] INFO  [BookingRepository.java:24] - Returned a list of all current bookings
2025-11-07 16:50:21.687 [main] INFO  [BookingRepository.java:70] - Booking with id: 6 was removed
2025-11-07 16:52:03.371 [main] INFO  [BookingRepository.java:42] - Booking has been added
2025-11-07 16:52:03.372 [main] INFO  [BookingRepository.java:42] - Booking has been added
2025-11-07 16:52:03.372 [main] INFO  [BookingRepository.java:42] - Booking has been added
2025-11-07 16:52:03.372 [main] INFO  [BookingRepository.java:42] - Booking has been added
2025-11-07 16:52:03.372 [main] INFO  [BookingRepository.java:42] - Booking has been added
2025-11-07 16:52:03.372 [main] INFO  [BookingRepository.java:42] - Booking has been added
2025-11-07 16:52:14.321 [main] INFO  [BookingRepository.java:22] - Returned a list of all current bookings
2025-11-07 16:52:16.643 [main] WARN  [BookingRepository.java:30] - Booking with id: 42 not found in the system
2025-11-07 16:57:11.293 [main] INFO  [BookingRepository.java:42] - Booking has been added
2025-11-07 16:57:11.294 [main] INFO  [BookingRepository.java:42] - Booking has been added
2025-11-07 16:57:11.294 [main] INFO  [BookingRepository.java:42] - Booking has been added
2025-11-07 16:57:11.294 [main] INFO  [BookingRepository.java:42] - Booking has been added
2025-11-07 16:57:11.294 [main] INFO  [BookingRepository.java:42] - Booking has been added
2025-11-07 16:57:11.294 [main] INFO  [BookingRepository.java:42] - Booking has been added
2025-11-07 16:57:15.697 [main] INFO  [BookingRepository.java:22] - Returned a list of all current bookings
2025-11-07 16:57:18.297 [main] INFO  [BookingRepository.java:33] - Found booking with id: 3
2025-11-07 16:57:26.300 [main] INFO  [BookingRepository.java:22] - Returned a list of all current bookings
2025-11-07 16:57:27.413 [main] INFO  [BookingRepository.java:33] - Found booking with id: 4
2025-11-07 16:57:30.641 [main] INFO  [BookingRepository.java:22] - Returned a list of all current bookings
2025-11-07 16:57:31.515 [main] INFO  [BookingRepository.java:33] - Found booking with id: 5
2025-11-07 16:57:39.235 [main] INFO  [BookingRepository.java:22] - Returned a list of all current bookings
2025-11-07 16:57:41.065 [main] INFO  [BookingRepository.java:33] - Found booking with id: 5
2025-11-07 16:57:46.232 [main] INFO  [BookingRepository.java:51] - Booking has been updated
2025-11-07 16:57:46.233 [main] INFO  [MockEmailService.java:14] - E-mail has been sent to customer. To: axel.axelsson@yahoo.se E-mail body: The status of your booking is now DONE
2025-11-07 17:00:31.371 [main] INFO  [BookingRepository.java:42] - Booking has been added
2025-11-07 17:00:31.373 [main] INFO  [BookingRepository.java:42] - Booking has been added
2025-11-07 17:00:31.373 [main] INFO  [BookingRepository.java:42] - Booking has been added
2025-11-07 17:00:31.373 [main] INFO  [BookingRepository.java:42] - Booking has been added
2025-11-07 17:00:31.373 [main] INFO  [BookingRepository.java:42] - Booking has been added
2025-11-07 17:00:31.373 [main] INFO  [BookingRepository.java:42] - Booking has been added
2025-11-07 17:00:37.698 [main] INFO  [BookingRepository.java:22] - Returned a list of all current bookings
2025-11-07 17:00:39.004 [main] INFO  [BookingRepository.java:33] - Found booking with id: 5
2025-11-07 17:00:43.425 [main] INFO  [BookingRepository.java:51] - Booking has been updated
2025-11-07 17:00:43.426 [main] INFO  [MockEmailService.java:16] - E-mail has been sent to customer. To: axel.axelsson@yahoo.se E-mail body: The status of your booking is now DONE, and the total cost is 4200
2025-11-07 17:14:34.559 [main] INFO  [BookingRepository.java:41] - Booking has been added
2025-11-07 17:14:34.560 [main] INFO  [BookingRepository.java:41] - Booking has been added
2025-11-07 17:14:34.560 [main] INFO  [BookingRepository.java:41] - Booking has been added
2025-11-07 17:14:34.560 [main] INFO  [BookingRepository.java:41] - Booking has been added
2025-11-07 17:14:34.560 [main] INFO  [BookingRepository.java:41] - Booking has been added
2025-11-07 17:14:34.560 [main] INFO  [BookingRepository.java:41] - Booking has been added
2025-11-07 17:14:39.852 [main] INFO  [BookingRepository.java:21] - Returned a list of all current bookings
2025-11-07 17:14:42.581 [main] WARN  [BookingRepository.java:29] - Booking with id: 8 not found in the system
2025-11-07 17:20:08.461 [main] INFO  [App.java:17] - Booking app started
2025-11-07 17:20:08.465 [main] INFO  [InitializationService.java:26] - Populating store
2025-11-07 17:20:08.465 [main] INFO  [BookingRepository.java:41] - Booking has been added
2025-11-07 17:20:08.465 [main] INFO  [BookingRepository.java:41] - Booking has been added
2025-11-07 17:20:08.465 [main] INFO  [BookingRepository.java:41] - Booking has been added
2025-11-07 17:20:08.465 [main] INFO  [BookingRepository.java:41] - Booking has been added
2025-11-07 17:20:08.465 [main] INFO  [BookingRepository.java:41] - Booking has been added
2025-11-07 17:20:08.465 [main] INFO  [BookingRepository.java:41] - Booking has been added
2025-11-07 17:20:12.077 [main] INFO  [BookingRepository.java:21] - Returned a list of all current bookings
2025-11-07 17:20:18.226 [main] WARN  [BookingRepository.java:29] - Booking with id: 7 not found in the system
2025-11-07 17:20:24.284 [main] INFO  [BookingRepository.java:21] - Returned a list of all current bookings
2025-11-07 17:20:30.293 [main] INFO  [BookingRepository.java:21] - Returned a list of all current bookings
2025-11-07 17:34:57.200 [main] INFO  [App.java:17] - Booking app started
2025-11-07 17:34:57.204 [main] INFO  [InitializationService.java:26] - Populating store
2025-11-07 17:34:57.205 [main] INFO  [BookingRepository.java:41] - Booking has been added
2025-11-07 17:34:57.205 [main] INFO  [BookingRepository.java:41] - Booking has been added
2025-11-07 17:34:57.205 [main] INFO  [BookingRepository.java:41] - Booking has been added
2025-11-07 17:34:57.205 [main] INFO  [BookingRepository.java:41] - Booking has been added
2025-11-07 17:34:57.205 [main] INFO  [BookingRepository.java:41] - Booking has been added
2025-11-07 17:34:57.205 [main] INFO  [BookingRepository.java:41] - Booking has been added
2025-11-07 17:35:03.363 [main] INFO  [BookingRepository.java:21] - Returned a list of all current bookings
2025-11-07 17:35:29.885 [main] INFO  [BookingRepository.java:21] - Returned a list of all current bookings
2025-11-07 17:35:29.895 [main] INFO  [Menu.java:231] - Bookings was sorted by type
2025-11-07 17:40:33.064 [main] INFO  [App.java:17] - Booking app started
2025-11-07 17:40:33.067 [main] INFO  [InitializationService.java:26] - Populating store
2025-11-07 17:40:33.068 [main] INFO  [BookingRepository.java:41] - Booking has been added
2025-11-07 17:40:33.068 [main] INFO  [BookingRepository.java:41] - Booking has been added
2025-11-07 17:40:33.068 [main] INFO  [BookingRepository.java:41] - Booking has been added
2025-11-07 17:40:33.068 [main] INFO  [BookingRepository.java:41] - Booking has been added
2025-11-07 17:40:33.068 [main] INFO  [BookingRepository.java:41] - Booking has been added
2025-11-07 17:40:33.068 [main] INFO  [BookingRepository.java:41] - Booking has been added
2025-11-07 17:40:36.898 [main] INFO  [BookingRepository.java:21] - Returned a list of all current bookings
2025-11-07 17:40:38.636 [main] INFO  [BookingRepository.java:21] - Returned a list of all current bookings
2025-11-07 17:40:38.647 [main] INFO  [Menu.java:234] - Bookings was sorted by type
2025-11-07 17:40:54.534 [main] INFO  [App.java:17] - Booking app started
2025-11-07 17:40:54.537 [main] INFO  [InitializationService.java:26] - Populating store
2025-11-07 17:40:54.537 [main] INFO  [BookingRepository.java:41] - Booking has been added
2025-11-07 17:40:54.538 [main] INFO  [BookingRepository.java:41] - Booking has been added
2025-11-07 17:40:54.538 [main] INFO  [BookingRepository.java:41] - Booking has been added
2025-11-07 17:40:54.538 [main] INFO  [BookingRepository.java:41] - Booking has been added
2025-11-07 17:40:54.538 [main] INFO  [BookingRepository.java:41] - Booking has been added
2025-11-07 17:40:54.538 [main] INFO  [BookingRepository.java:41] - Booking has been added
2025-11-07 17:40:56.899 [main] INFO  [BookingRepository.java:21] - Returned a list of all current bookings
2025-11-07 17:40:57.908 [main] INFO  [BookingRepository.java:21] - Returned a list of all current bookings
2025-11-07 17:40:57.919 [main] INFO  [Menu.java:234] - Bookings was sorted by type
2025-11-07 17:41:32.035 [main] INFO  [App.java:22] - Exiting app
2025-11-07 17:41:36.264 [main] INFO  [App.java:17] - Booking app started
2025-11-07 17:41:36.267 [main] INFO  [InitializationService.java:26] - Populating store
2025-11-07 17:41:36.268 [main] INFO  [BookingRepository.java:41] - Booking has been added
2025-11-07 17:41:36.268 [main] INFO  [BookingRepository.java:41] - Booking has been added
2025-11-07 17:41:36.268 [main] INFO  [BookingRepository.java:41] - Booking has been added
2025-11-07 17:41:36.268 [main] INFO  [BookingRepository.java:41] - Booking has been added
2025-11-07 17:41:36.268 [main] INFO  [BookingRepository.java:41] - Booking has been added
2025-11-07 17:41:36.268 [main] INFO  [BookingRepository.java:41] - Booking has been added
2025-11-07 17:41:39.094 [main] INFO  [BookingRepository.java:21] - Returned a list of all current bookings
2025-11-07 17:41:40.226 [main] INFO  [BookingRepository.java:21] - Returned a list of all current bookings
2025-11-07 17:41:40.228 [main] INFO  [Menu.java:234] - Bookings was sorted by type
2025-11-07 17:44:01.757 [main] INFO  [App.java:17] - Booking app started
2025-11-07 17:44:01.760 [main] INFO  [InitializationService.java:26] - Populating store
2025-11-07 17:44:01.761 [main] INFO  [BookingRepository.java:41] - Booking has been added
2025-11-07 17:44:01.761 [main] INFO  [BookingRepository.java:41] - Booking has been added
2025-11-07 17:44:01.761 [main] INFO  [BookingRepository.java:41] - Booking has been added
2025-11-07 17:44:01.761 [main] INFO  [BookingRepository.java:41] - Booking has been added
2025-11-07 17:44:01.761 [main] INFO  [BookingRepository.java:41] - Booking has been added
2025-11-07 17:44:01.761 [main] INFO  [BookingRepository.java:41] - Booking has been added
2025-11-07 17:44:04.037 [main] INFO  [BookingRepository.java:21] - Returned a list of all current bookings
2025-11-07 17:44:10.981 [main] INFO  [BookingRepository.java:21] - Returned a list of all current bookings
2025-11-07 17:44:10.983 [main] INFO  [Menu.java:214] - Bookings was sorted by date
2025-11-07 17:44:16.861 [main] INFO  [BookingRepository.java:21] - Returned a list of all current bookings
2025-11-07 17:44:16.862 [main] INFO  [Menu.java:222] - Bookings was sorted by status
2025-11-07 17:44:21.575 [main] INFO  [BookingRepository.java:21] - Returned a list of all current bookings
2025-11-07 17:44:21.578 [main] INFO  [Menu.java:234] - Bookings was sorted by type
2025-11-07 17:44:49.268 [main] INFO  [App.java:22] - Exiting app
2025-11-07 17:44:55.808 [main] INFO  [App.java:17] - Booking app started
2025-11-07 17:44:55.811 [main] INFO  [InitializationService.java:26] - Populating store
2025-11-07 17:44:55.812 [main] INFO  [BookingRepository.java:41] - Booking has been added
2025-11-07 17:44:55.812 [main] INFO  [BookingRepository.java:41] - Booking has been added
2025-11-07 17:44:55.812 [main] INFO  [BookingRepository.java:41] - Booking has been added
2025-11-07 17:44:55.812 [main] INFO  [BookingRepository.java:41] - Booking has been added
2025-11-07 17:44:55.812 [main] INFO  [BookingRepository.java:41] - Booking has been added
2025-11-07 17:44:55.812 [main] INFO  [BookingRepository.java:41] - Booking has been added
2025-11-07 17:44:57.813 [main] INFO  [BookingRepository.java:21] - Returned a list of all current bookings
2025-11-07 17:45:00.049 [main] INFO  [BookingRepository.java:21] - Returned a list of all current bookings
2025-11-07 17:45:00.051 [main] INFO  [Menu.java:234] - Bookings was sorted by type
2025-11-07 17:45:21.027 [main] INFO  [App.java:22] - Exiting app
2025-11-07 19:07:04.323 [main] INFO  [App.java:17] - Booking app started
2025-11-07 19:07:04.333 [main] INFO  [InitializationService.java:26] - Populating store
2025-11-07 19:07:04.334 [main] INFO  [BookingRepository.java:41] - Booking has been added
2025-11-07 19:07:04.335 [main] INFO  [BookingRepository.java:41] - Booking has been added
2025-11-07 19:07:04.335 [main] INFO  [BookingRepository.java:41] - Booking has been added
2025-11-07 19:07:04.335 [main] INFO  [BookingRepository.java:41] - Booking has been added
2025-11-07 19:07:04.335 [main] INFO  [BookingRepository.java:41] - Booking has been added
2025-11-07 19:07:04.335 [main] INFO  [BookingRepository.java:41] - Booking has been added
2025-11-07 19:07:26.622 [main] WARN  [VehicleFactory.java:14] - Invalid vehicle manufacturing year
2025-11-07 19:08:13.010 [main] WARN  [ServiceFactory.java:19] - Vehicle was not created correctly
2025-11-07 19:08:22.509 [main] INFO  [BookingRepository.java:21] - Returned a list of all current bookings
2025-11-07 19:08:32.914 [main] INFO  [BookingRepository.java:21] - Returned a list of all current bookings
2025-11-07 19:08:32.918 [main] INFO  [Menu.java:214] - Bookings was sorted by date
2025-11-07 19:11:39.997 [main] INFO  [BookingRepository.java:21] - Returned a list of all current bookings
2025-11-07 19:11:48.919 [main] INFO  [BookingRepository.java:67] - Booking with id: 1 was removed
2025-11-07 19:11:57.938 [main] INFO  [BookingRepository.java:21] - Returned a list of all current bookings
2025-11-07 19:12:11.014 [main] INFO  [BookingRepository.java:21] - Returned a list of all current bookings
2025-11-07 19:12:17.663 [main] INFO  [BookingRepository.java:21] - Returned a list of all current bookings
2025-11-07 19:12:23.847 [main] INFO  [BookingRepository.java:32] - Found booking with id: 2
2025-11-07 19:44:11.637 [main] INFO  [App.java:17] - Booking app started
2025-11-07 19:44:11.645 [main] INFO  [InitializationService.java:26] - Populating store
2025-11-07 19:44:11.656 [main] INFO  [BookingRepository.java:41] - Booking has been added
2025-11-07 19:44:11.657 [main] INFO  [BookingRepository.java:41] - Booking has been added
2025-11-07 19:44:11.657 [main] INFO  [BookingRepository.java:41] - Booking has been added
2025-11-07 19:44:11.657 [main] INFO  [BookingRepository.java:41] - Booking has been added
2025-11-07 19:44:11.657 [main] INFO  [BookingRepository.java:41] - Booking has been added
2025-11-07 19:44:11.657 [main] INFO  [BookingRepository.java:41] - Booking has been added
2025-11-07 19:44:55.594 [main] WARN  [VehicleFactory.java:14] - Invalid vehicle manufacturing year
2025-11-07 19:51:36.247 [main] INFO  [App.java:17] - Booking app started
2025-11-07 19:51:36.255 [main] INFO  [InitializationService.java:26] - Populating store
2025-11-07 19:51:36.257 [main] INFO  [BookingRepository.java:41] - Booking has been added
2025-11-07 19:51:36.257 [main] INFO  [BookingRepository.java:41] - Booking has been added
2025-11-07 19:51:36.257 [main] INFO  [BookingRepository.java:41] - Booking has been added
2025-11-07 19:51:36.257 [main] INFO  [BookingRepository.java:41] - Booking has been added
2025-11-07 19:51:36.257 [main] INFO  [BookingRepository.java:41] - Booking has been added
2025-11-07 19:51:36.257 [main] INFO  [BookingRepository.java:41] - Booking has been added
2025-11-07 19:52:04.504 [main] WARN  [VehicleFactory.java:14] - Invalid vehicle manufacturing year
2025-11-07 19:53:35.002 [main] INFO  [App.java:17] - Booking app started
2025-11-07 19:53:35.016 [main] INFO  [InitializationService.java:26] - Populating store
2025-11-07 19:53:35.018 [main] INFO  [BookingRepository.java:41] - Booking has been added
2025-11-07 19:53:35.018 [main] INFO  [BookingRepository.java:41] - Booking has been added
2025-11-07 19:53:35.018 [main] INFO  [BookingRepository.java:41] - Booking has been added
2025-11-07 19:53:35.018 [main] INFO  [BookingRepository.java:41] - Booking has been added
2025-11-07 19:53:35.018 [main] INFO  [BookingRepository.java:41] - Booking has been added
2025-11-07 19:53:35.018 [main] INFO  [BookingRepository.java:41] - Booking has been added
2025-11-07 19:53:47.816 [main] WARN  [VehicleFactory.java:14] - Invalid vehicle manufacturing year
2025-11-07 20:12:26.270 [main] INFO  [App.java:17] - Booking app started
2025-11-07 20:12:26.292 [main] INFO  [InitializationService.java:26] - Populating store
2025-11-07 20:12:26.295 [main] INFO  [BookingRepository.java:41] - Booking has been added
2025-11-07 20:12:26.295 [main] INFO  [BookingRepository.java:41] - Booking has been added
2025-11-07 20:12:26.295 [main] INFO  [BookingRepository.java:41] - Booking has been added
2025-11-07 20:12:26.295 [main] INFO  [BookingRepository.java:41] - Booking has been added
2025-11-07 20:12:26.295 [main] INFO  [BookingRepository.java:41] - Booking has been added
2025-11-07 20:12:26.295 [main] INFO  [BookingRepository.java:41] - Booking has been added
2025-11-07 20:12:43.005 [main] WARN  [VehicleFactory.java:14] - Invalid vehicle manufacturing year
2025-11-07 20:14:26.486 [main] INFO  [App.java:17] - Booking app started
2025-11-07 20:14:26.494 [main] INFO  [InitializationService.java:26] - Populating store
2025-11-07 20:14:26.496 [main] INFO  [BookingRepository.java:41] - Booking has been added
2025-11-07 20:14:26.496 [main] INFO  [BookingRepository.java:41] - Booking has been added
2025-11-07 20:14:26.496 [main] INFO  [BookingRepository.java:41] - Booking has been added
2025-11-07 20:14:26.496 [main] INFO  [BookingRepository.java:41] - Booking has been added
2025-11-07 20:14:26.497 [main] INFO  [BookingRepository.java:41] - Booking has been added
2025-11-07 20:14:26.497 [main] INFO  [BookingRepository.java:41] - Booking has been added
2025-11-07 20:14:47.458 [main] WARN  [VehicleFactory.java:14] - Invalid vehicle manufacturing year
2025-11-07 20:15:50.948 [main] INFO  [App.java:17] - Booking app started
2025-11-07 20:15:51.000 [main] INFO  [InitializationService.java:26] - Populating store
2025-11-07 20:15:51.022 [main] INFO  [BookingRepository.java:41] - Booking has been added
2025-11-07 20:15:51.023 [main] INFO  [BookingRepository.java:41] - Booking has been added
2025-11-07 20:15:51.023 [main] INFO  [BookingRepository.java:41] - Booking has been added
2025-11-07 20:15:51.023 [main] INFO  [BookingRepository.java:41] - Booking has been added
2025-11-07 20:15:51.023 [main] INFO  [BookingRepository.java:41] - Booking has been added
2025-11-07 20:15:51.024 [main] INFO  [BookingRepository.java:41] - Booking has been added
2025-11-07 20:16:19.378 [main] WARN  [VehicleFactory.java:14] - Invalid vehicle manufacturing year
2025-11-07 20:16:34.370 [main] INFO  [BookingRepository.java:21] - Returned a list of all current bookings
2025-11-07 20:17:46.234 [main] WARN  [ServiceFactory.java:19] - Vehicle was not created correctly
2025-11-07 20:22:22.261 [main] INFO  [App.java:17] - Booking app started
2025-11-07 20:22:22.267 [main] INFO  [InitializationService.java:26] - Populating store
2025-11-07 20:22:22.270 [main] INFO  [BookingRepository.java:41] - Booking has been added
2025-11-07 20:22:22.270 [main] INFO  [BookingRepository.java:41] - Booking has been added
2025-11-07 20:22:22.270 [main] INFO  [BookingRepository.java:41] - Booking has been added
2025-11-07 20:22:22.270 [main] INFO  [BookingRepository.java:41] - Booking has been added
2025-11-07 20:24:37.820 [main] INFO  [App.java:17] - Booking app started
2025-11-07 20:24:37.828 [main] INFO  [InitializationService.java:26] - Populating store
2025-11-07 20:24:37.832 [main] INFO  [BookingRepository.java:41] - Booking has been added
2025-11-07 20:24:37.832 [main] INFO  [BookingRepository.java:41] - Booking has been added
2025-11-07 20:24:37.832 [main] INFO  [BookingRepository.java:41] - Booking has been added
2025-11-07 20:24:37.832 [main] INFO  [BookingRepository.java:41] - Booking has been added
2025-11-07 20:24:37.833 [main] INFO  [BookingRepository.java:41] - Booking has been added
2025-11-07 20:24:37.833 [main] INFO  [BookingRepository.java:41] - Booking has been added
2025-11-07 20:24:56.724 [main] WARN  [VehicleFactory.java:14] - Invalid vehicle manufacturing year
2025-11-07 20:25:03.188 [main] WARN  [ServiceFactory.java:20] - Vehicle was not created correctly
2025-11-07 20:26:49.766 [main] INFO  [App.java:18] - Booking app started
2025-11-07 20:26:49.774 [main] INFO  [InitializationService.java:26] - Populating store
2025-11-07 20:26:49.776 [main] INFO  [BookingRepository.java:41] - Booking has been added
2025-11-07 20:26:49.776 [main] INFO  [BookingRepository.java:41] - Booking has been added
2025-11-07 20:26:49.777 [main] INFO  [BookingRepository.java:41] - Booking has been added
2025-11-07 20:26:49.777 [main] INFO  [BookingRepository.java:41] - Booking has been added
2025-11-07 20:26:49.777 [main] INFO  [BookingRepository.java:41] - Booking has been added
2025-11-07 20:26:49.777 [main] INFO  [BookingRepository.java:41] - Booking has been added
2025-11-07 20:27:05.351 [main] WARN  [VehicleFactory.java:14] - Invalid vehicle manufacturing year
2025-11-07 20:27:15.844 [main] WARN  [ServiceFactory.java:20] - Vehicle was not created correctly
2025-11-07 20:35:54.991 [main] INFO  [App.java:18] - Booking app started
2025-11-07 20:35:54.999 [main] INFO  [InitializationService.java:26] - Populating store
2025-11-07 20:35:55.001 [main] INFO  [BookingRepository.java:41] - Booking has been added
2025-11-07 20:35:55.001 [main] INFO  [BookingRepository.java:41] - Booking has been added
2025-11-07 20:35:55.001 [main] INFO  [BookingRepository.java:41] - Booking has been added
2025-11-07 20:35:55.001 [main] INFO  [BookingRepository.java:41] - Booking has been added
2025-11-07 20:35:55.001 [main] INFO  [BookingRepository.java:41] - Booking has been added
2025-11-07 20:35:55.001 [main] INFO  [BookingRepository.java:41] - Booking has been added
2025-11-07 20:36:23.747 [main] WARN  [VehicleFactory.java:14] - Invalid vehicle manufacturing year
2025-11-07 20:40:24.748 [main] INFO  [App.java:18] - Booking app started
2025-11-07 20:40:24.801 [main] INFO  [InitializationService.java:26] - Populating store
2025-11-07 20:40:24.804 [main] INFO  [BookingRepository.java:41] - Booking has been added
2025-11-07 20:40:24.804 [main] INFO  [BookingRepository.java:41] - Booking has been added
2025-11-07 20:40:24.804 [main] INFO  [BookingRepository.java:41] - Booking has been added
2025-11-07 20:40:24.804 [main] INFO  [BookingRepository.java:41] - Booking has been added
2025-11-07 20:40:24.804 [main] INFO  [BookingRepository.java:41] - Booking has been added
2025-11-07 20:40:24.805 [main] INFO  [BookingRepository.java:41] - Booking has been added
2025-11-07 20:40:55.270 [main] INFO  [App.java:18] - Booking app started
2025-11-07 20:40:55.280 [main] INFO  [InitializationService.java:26] - Populating store
2025-11-07 20:40:55.308 [main] INFO  [BookingRepository.java:41] - Booking has been added
2025-11-07 20:40:55.309 [main] INFO  [BookingRepository.java:41] - Booking has been added
2025-11-07 20:40:55.309 [main] INFO  [BookingRepository.java:41] - Booking has been added
2025-11-07 20:40:55.309 [main] INFO  [BookingRepository.java:41] - Booking has been added
2025-11-07 20:40:55.309 [main] INFO  [BookingRepository.java:41] - Booking has been added
2025-11-07 20:40:55.309 [main] INFO  [BookingRepository.java:41] - Booking has been added
2025-11-07 20:41:46.883 [main] INFO  [BookingRepository.java:21] - Returned a list of all current bookings
2025-11-07 20:41:51.932 [main] INFO  [BookingRepository.java:21] - Returned a list of all current bookings
2025-11-07 20:41:51.936 [main] INFO  [Menu.java:285] - Bookings was sorted by id
2025-11-07 20:44:00.053 [main] INFO  [App.java:18] - Booking app started
2025-11-07 20:44:00.085 [main] INFO  [InitializationService.java:26] - Populating store
2025-11-07 20:44:00.091 [main] INFO  [BookingRepository.java:41] - Booking has been added
2025-11-07 20:44:00.091 [main] INFO  [BookingRepository.java:41] - Booking has been added
2025-11-07 20:44:00.091 [main] INFO  [BookingRepository.java:41] - Booking has been added
2025-11-07 20:44:00.091 [main] INFO  [BookingRepository.java:41] - Booking has been added
2025-11-07 20:44:00.091 [main] INFO  [BookingRepository.java:41] - Booking has been added
2025-11-07 20:44:00.092 [main] INFO  [BookingRepository.java:41] - Booking has been added
2025-11-07 20:44:24.740 [main] INFO  [App.java:18] - Booking app started
2025-11-07 20:44:24.800 [main] INFO  [InitializationService.java:26] - Populating store
2025-11-07 20:44:24.816 [main] INFO  [BookingRepository.java:41] - Booking has been added
2025-11-07 20:44:24.816 [main] INFO  [BookingRepository.java:41] - Booking has been added
2025-11-07 20:44:24.816 [main] INFO  [BookingRepository.java:41] - Booking has been added
2025-11-07 20:44:24.816 [main] INFO  [BookingRepository.java:41] - Booking has been added
2025-11-07 20:44:24.816 [main] INFO  [BookingRepository.java:41] - Booking has been added
2025-11-07 20:44:24.816 [main] INFO  [BookingRepository.java:41] - Booking has been added
2025-11-07 20:44:49.440 [main] INFO  [App.java:18] - Booking app started
2025-11-07 20:44:49.447 [main] INFO  [InitializationService.java:26] - Populating store
2025-11-07 20:44:49.450 [main] INFO  [BookingRepository.java:41] - Booking has been added
2025-11-07 20:44:49.450 [main] INFO  [BookingRepository.java:41] - Booking has been added
2025-11-07 20:44:49.450 [main] INFO  [BookingRepository.java:41] - Booking has been added
2025-11-07 20:44:49.450 [main] INFO  [BookingRepository.java:41] - Booking has been added
2025-11-07 20:44:49.450 [main] INFO  [BookingRepository.java:41] - Booking has been added
2025-11-07 20:44:49.450 [main] INFO  [BookingRepository.java:41] - Booking has been added
2025-11-07 20:45:02.508 [main] INFO  [Menu.java:125] - Could not create vehicle with reg. plate DED333, model 323, and year 3232
2025-11-07 20:45:02.512 [main] WARN  [VehicleFactory.java:14] - Invalid vehicle manufacturing year
2025-11-07 20:46:09.264 [main] INFO  [App.java:18] - Booking app started
2025-11-07 20:46:09.278 [main] INFO  [InitializationService.java:26] - Populating store
2025-11-07 20:46:09.293 [main] INFO  [BookingRepository.java:41] - Booking has been added
2025-11-07 20:46:09.294 [main] INFO  [BookingRepository.java:41] - Booking has been added
2025-11-07 20:46:09.294 [main] INFO  [BookingRepository.java:41] - Booking has been added
2025-11-07 20:46:09.294 [main] INFO  [BookingRepository.java:41] - Booking has been added
2025-11-07 20:46:09.294 [main] INFO  [BookingRepository.java:41] - Booking has been added
2025-11-07 20:46:09.294 [main] INFO  [BookingRepository.java:41] - Booking has been added
2025-11-07 20:46:24.293 [main] INFO  [Menu.java:126] - Could not create vehicle with reg. plate DED323, model 32de, and year 2323
2025-11-07 20:46:24.296 [main] WARN  [VehicleFactory.java:14] - Invalid vehicle manufacturing year
2025-11-07 20:51:49.729 [main] INFO  [App.java:18] - Booking app started
2025-11-07 20:51:49.746 [main] INFO  [InitializationService.java:26] - Populating store
2025-11-07 20:51:49.749 [main] INFO  [BookingRepository.java:41] - Booking has been added
2025-11-07 20:51:49.749 [main] INFO  [BookingRepository.java:41] - Booking has been added
2025-11-07 20:51:49.749 [main] INFO  [BookingRepository.java:41] - Booking has been added
2025-11-07 20:51:49.750 [main] INFO  [BookingRepository.java:41] - Booking has been added
2025-11-07 20:51:49.750 [main] INFO  [BookingRepository.java:41] - Booking has been added
2025-11-07 20:51:49.750 [main] INFO  [BookingRepository.java:41] - Booking has been added
2025-11-07 20:52:54.273 [main] WARN  [VehicleFactory.java:14] - Invalid vehicle manufacturing year
2025-11-07 20:52:54.275 [main] ERROR [Menu.java:133] - Vehicle could NOT be created with EWE332, 32ew3, 3232
2025-11-07 20:56:40.746 [main] INFO  [App.java:18] - Booking app started
2025-11-07 20:56:40.753 [main] INFO  [InitializationService.java:26] - Populating store
2025-11-07 20:56:40.755 [main] INFO  [BookingRepository.java:41] - Booking has been added
2025-11-07 20:56:40.756 [main] INFO  [BookingRepository.java:41] - Booking has been added
2025-11-07 20:56:40.756 [main] INFO  [BookingRepository.java:41] - Booking has been added
2025-11-07 20:56:40.756 [main] INFO  [BookingRepository.java:41] - Booking has been added
2025-11-07 20:56:40.756 [main] INFO  [BookingRepository.java:41] - Booking has been added
2025-11-07 20:56:40.756 [main] INFO  [BookingRepository.java:41] - Booking has been added
2025-11-07 20:57:12.340 [main] INFO  [BookingRepository.java:41] - Booking has been added
2025-11-07 20:57:12.340 [main] INFO  [MockEmailService.java:19] - E-mail has been sent to customer. To: w@w.com E-mail body: The status of your booking is now BOOKED
2025-11-07 20:57:21.288 [main] INFO  [BookingRepository.java:21] - Returned a list of all current bookings
2025-11-07 21:20:21.142 [main] INFO  [App.java:18] - Booking app started
2025-11-07 21:20:21.150 [main] INFO  [InitializationService.java:26] - Populating store
2025-11-07 21:20:21.158 [main] INFO  [BookingRepository.java:41] - Booking has been added
2025-11-07 21:20:21.158 [main] INFO  [BookingRepository.java:41] - Booking has been added
2025-11-07 21:20:21.158 [main] INFO  [BookingRepository.java:41] - Booking has been added
2025-11-07 21:20:21.158 [main] INFO  [BookingRepository.java:41] - Booking has been added
2025-11-07 21:20:21.158 [main] INFO  [BookingRepository.java:41] - Booking has been added
2025-11-07 21:20:21.158 [main] INFO  [BookingRepository.java:41] - Booking has been added
2025-11-07 21:20:25.770 [main] INFO  [BookingRepository.java:21] - Returned a list of all current bookings
2025-11-07 21:20:30.175 [main] INFO  [BookingRepository.java:21] - Returned a list of all current bookings
2025-11-07 21:20:30.178 [main] INFO  [Menu.java:272] - Bookings was sorted by id
2025-11-07 21:21:11.103 [main] INFO  [BookingRepository.java:41] - Booking has been added
2025-11-07 21:21:11.104 [main] INFO  [MockEmailService.java:19] - E-mail has been sent to customer. To: tyt@v.vom E-mail body: The status of your booking is now BOOKED
2025-11-07 21:24:35.089 [main] INFO  [App.java:18] - Booking app started
2025-11-07 21:24:35.105 [main] INFO  [InitializationService.java:26] - Populating store
2025-11-07 21:24:35.112 [main] INFO  [BookingRepository.java:41] - Booking has been added
2025-11-07 21:24:35.112 [main] INFO  [BookingRepository.java:41] - Booking has been added
2025-11-07 21:24:35.112 [main] INFO  [BookingRepository.java:41] - Booking has been added
2025-11-07 21:24:35.113 [main] INFO  [BookingRepository.java:41] - Booking has been added
2025-11-07 21:24:35.113 [main] INFO  [BookingRepository.java:41] - Booking has been added
2025-11-07 21:24:35.113 [main] INFO  [BookingRepository.java:41] - Booking has been added
2025-11-07 21:25:00.894 [main] INFO  [BookingRepository.java:41] - Booking has been added
2025-11-07 21:25:00.896 [main] INFO  [MockEmailService.java:19] - E-mail has been sent to customer. To: w@w.com E-mail body: The status of your booking is now BOOKED
2025-11-07 21:25:38.859 [main] INFO  [BookingRepository.java:21] - Returned a list of all current bookings
2025-11-07 21:26:47.732 [main] INFO  [App.java:18] - Booking app started
2025-11-07 21:26:47.750 [main] INFO  [InitializationService.java:26] - Populating store
2025-11-07 21:26:47.756 [main] INFO  [BookingRepository.java:41] - Booking has been added
2025-11-07 21:26:47.756 [main] INFO  [BookingRepository.java:41] - Booking has been added
2025-11-07 21:26:47.756 [main] INFO  [BookingRepository.java:41] - Booking has been added
2025-11-07 21:26:47.757 [main] INFO  [BookingRepository.java:41] - Booking has been added
2025-11-07 21:26:47.757 [main] INFO  [BookingRepository.java:41] - Booking has been added
2025-11-07 21:26:47.757 [main] INFO  [BookingRepository.java:41] - Booking has been added
2025-11-07 21:27:06.770 [main] INFO  [BookingRepository.java:41] - Booking has been added
2025-11-07 21:27:06.770 [main] INFO  [MockEmailService.java:19] - E-mail has been sent to customer. To: sw@.sw E-mail body: The status of your booking is now BOOKED
2025-11-07 21:27:12.297 [main] INFO  [BookingRepository.java:21] - Returned a list of all current bookings
2025-11-07 21:28:20.363 [main] INFO  [App.java:18] - Booking app started
2025-11-07 21:28:20.374 [main] INFO  [InitializationService.java:26] - Populating store
2025-11-07 21:28:20.376 [main] INFO  [BookingRepository.java:41] - Booking has been added
2025-11-07 21:28:20.376 [main] INFO  [BookingRepository.java:41] - Booking has been added
2025-11-07 21:28:20.376 [main] INFO  [BookingRepository.java:41] - Booking has been added
2025-11-07 21:28:20.377 [main] INFO  [BookingRepository.java:41] - Booking has been added
2025-11-07 21:28:20.377 [main] INFO  [BookingRepository.java:41] - Booking has been added
2025-11-07 21:28:20.377 [main] INFO  [BookingRepository.java:41] - Booking has been added
2025-11-07 21:29:05.321 [main] WARN  [VehicleFactory.java:14] - Invalid vehicle manufacturing year
2025-11-07 21:36:54.605 [main] INFO  [App.java:18] - Booking app started
2025-11-07 21:36:54.613 [main] INFO  [InitializationService.java:26] - Populating store
2025-11-07 21:36:54.615 [main] INFO  [BookingRepository.java:41] - Booking has been added
2025-11-07 21:36:54.615 [main] INFO  [BookingRepository.java:41] - Booking has been added
2025-11-07 21:36:54.616 [main] INFO  [BookingRepository.java:41] - Booking has been added
2025-11-07 21:36:54.616 [main] INFO  [BookingRepository.java:41] - Booking has been added
2025-11-07 21:36:54.616 [main] INFO  [BookingRepository.java:41] - Booking has been added
2025-11-07 21:36:54.616 [main] INFO  [BookingRepository.java:41] - Booking has been added
2025-11-07 21:41:23.665 [main] INFO  [App.java:18] - Booking app started
2025-11-07 21:41:23.751 [main] INFO  [InitializationService.java:26] - Populating store
2025-11-07 21:41:23.754 [main] INFO  [BookingRepository.java:41] - Booking has been added
2025-11-07 21:41:23.754 [main] INFO  [BookingRepository.java:41] - Booking has been added
2025-11-07 21:41:23.754 [main] INFO  [BookingRepository.java:41] - Booking has been added
2025-11-07 21:41:23.755 [main] INFO  [BookingRepository.java:41] - Booking has been added
2025-11-07 21:41:23.755 [main] INFO  [BookingRepository.java:41] - Booking has been added
2025-11-07 21:41:23.755 [main] INFO  [BookingRepository.java:41] - Booking has been added
2025-11-07 21:42:20.315 [main] INFO  [BookingRepository.java:41] - Booking has been added
2025-11-07 21:42:20.317 [main] INFO  [MockEmailService.java:19] - E-mail has been sent to customer. To: de@d.com E-mail body: The status of your booking is now BOOKED
2025-11-07 21:42:30.803 [main] INFO  [BookingRepository.java:21] - Returned a list of all current bookings
2025-11-07 21:51:11.386 [main] INFO  [App.java:18] - Booking app started
2025-11-07 21:51:11.404 [main] INFO  [InitializationService.java:26] - Populating store
2025-11-07 21:51:11.415 [main] INFO  [BookingRepository.java:41] - Booking has been added
2025-11-07 21:51:11.416 [main] INFO  [BookingRepository.java:41] - Booking has been added
2025-11-07 21:51:11.416 [main] INFO  [BookingRepository.java:41] - Booking has been added
2025-11-07 21:51:11.416 [main] INFO  [BookingRepository.java:41] - Booking has been added
2025-11-07 21:51:11.417 [main] INFO  [BookingRepository.java:41] - Booking has been added
2025-11-07 21:51:11.417 [main] INFO  [BookingRepository.java:41] - Booking has been added
2025-11-07 21:51:34.528 [main] INFO  [BookingRepository.java:41] - Booking has been added
2025-11-07 21:51:34.529 [main] INFO  [MockEmailService.java:19] - E-mail has been sent to customer. To: s@s.se E-mail body: The status of your booking is now BOOKED
2025-11-07 21:55:13.301 [main] INFO  [App.java:18] - Booking app started
2025-11-07 21:55:13.332 [main] INFO  [InitializationService.java:26] - Populating store
2025-11-07 21:55:13.335 [main] INFO  [BookingRepository.java:41] - Booking has been added
2025-11-07 21:55:13.335 [main] INFO  [BookingRepository.java:41] - Booking has been added
2025-11-07 21:55:13.336 [main] INFO  [BookingRepository.java:41] - Booking has been added
2025-11-07 21:55:13.336 [main] INFO  [BookingRepository.java:41] - Booking has been added
2025-11-07 21:55:13.336 [main] INFO  [BookingRepository.java:41] - Booking has been added
2025-11-07 21:55:13.337 [main] INFO  [BookingRepository.java:41] - Booking has been added
2025-11-07 21:55:40.653 [main] INFO  [BookingRepository.java:41] - Booking has been added
2025-11-07 21:55:40.654 [main] INFO  [MockEmailService.java:19] - E-mail has been sent to customer. To: w@w.com E-mail body: The status of your booking is now BOOKED
2025-11-07 22:05:50.686 [main] INFO  [App.java:18] - Booking app started
2025-11-07 22:05:50.695 [main] INFO  [InitializationService.java:26] - Populating store
2025-11-07 22:05:50.696 [main] INFO  [BookingRepository.java:41] - Booking has been added
2025-11-07 22:05:50.697 [main] INFO  [BookingRepository.java:41] - Booking has been added
2025-11-07 22:05:50.697 [main] INFO  [BookingRepository.java:41] - Booking has been added
2025-11-07 22:05:50.697 [main] INFO  [BookingRepository.java:41] - Booking has been added
2025-11-07 22:05:50.697 [main] INFO  [BookingRepository.java:41] - Booking has been added
2025-11-07 22:05:50.697 [main] INFO  [BookingRepository.java:41] - Booking has been added
2025-11-07 22:06:31.464 [main] INFO  [BookingRepository.java:41] - Booking has been added
2025-11-07 22:06:31.467 [main] INFO  [MockEmailService.java:19] - E-mail has been sent to customer. To: w@g.se E-mail body: The status of your booking is now BOOKED
2025-11-07 22:09:34.344 [main] INFO  [App.java:18] - Booking app started
2025-11-07 22:09:34.353 [main] INFO  [InitializationService.java:26] - Populating store
2025-11-07 22:09:34.355 [main] INFO  [BookingRepository.java:41] - Booking has been added
2025-11-07 22:09:34.356 [main] INFO  [BookingRepository.java:41] - Booking has been added
2025-11-07 22:09:34.356 [main] INFO  [BookingRepository.java:41] - Booking has been added
2025-11-07 22:09:34.356 [main] INFO  [BookingRepository.java:41] - Booking has been added
2025-11-07 22:09:34.357 [main] INFO  [BookingRepository.java:41] - Booking has been added
2025-11-07 22:09:34.357 [main] INFO  [BookingRepository.java:41] - Booking has been added
2025-11-07 22:10:00.046 [main] INFO  [BookingRepository.java:41] - Booking has been added
2025-11-07 22:10:00.047 [main] INFO  [MockEmailService.java:19] - E-mail has been sent to customer. To: w@w.se E-mail body: The status of your booking is now BOOKED
2025-11-07 22:16:46.985 [main] INFO  [App.java:18] - Booking app started
2025-11-07 22:16:46.993 [main] INFO  [InitializationService.java:27] - Populating store
2025-11-07 22:16:46.995 [main] INFO  [BookingRepository.java:41] - Booking has been added
2025-11-07 22:16:46.995 [main] INFO  [BookingRepository.java:41] - Booking has been added
2025-11-07 22:16:46.996 [main] INFO  [BookingRepository.java:41] - Booking has been added
2025-11-07 22:16:46.996 [main] INFO  [BookingRepository.java:41] - Booking has been added
2025-11-07 22:16:46.996 [main] INFO  [BookingRepository.java:41] - Booking has been added
2025-11-07 22:16:46.996 [main] INFO  [BookingRepository.java:41] - Booking has been added
2025-11-07 22:16:51.376 [main] INFO  [BookingRepository.java:21] - Returned a list of all current bookings
2025-11-07 22:17:19.518 [main] INFO  [App.java:18] - Booking app started
2025-11-07 22:17:19.524 [main] INFO  [InitializationService.java:27] - Populating store
2025-11-07 22:17:19.526 [main] INFO  [BookingRepository.java:41] - Booking has been added
2025-11-07 22:17:19.526 [main] INFO  [BookingRepository.java:41] - Booking has been added
2025-11-07 22:17:19.526 [main] INFO  [BookingRepository.java:41] - Booking has been added
2025-11-07 22:17:19.526 [main] INFO  [BookingRepository.java:41] - Booking has been added
2025-11-07 22:17:19.526 [main] INFO  [BookingRepository.java:41] - Booking has been added
2025-11-07 22:17:19.527 [main] INFO  [BookingRepository.java:41] - Booking has been added
2025-11-07 22:17:22.622 [main] INFO  [BookingRepository.java:21] - Returned a list of all current bookings
2025-11-07 22:19:03.899 [main] INFO  [App.java:18] - Booking app started
2025-11-07 22:19:03.912 [main] INFO  [InitializationService.java:27] - Populating store
2025-11-07 22:19:03.915 [main] INFO  [BookingRepository.java:41] - Booking has been added
2025-11-07 22:19:03.915 [main] INFO  [BookingRepository.java:41] - Booking has been added
2025-11-07 22:19:03.915 [main] INFO  [BookingRepository.java:41] - Booking has been added
2025-11-07 22:19:03.915 [main] INFO  [BookingRepository.java:41] - Booking has been added
2025-11-07 22:19:03.916 [main] INFO  [BookingRepository.java:41] - Booking has been added
2025-11-07 22:19:03.916 [main] INFO  [BookingRepository.java:41] - Booking has been added
2025-11-07 22:19:09.379 [main] INFO  [BookingRepository.java:21] - Returned a list of all current bookings
2025-11-07 22:23:09.830 [main] INFO  [App.java:18] - Booking app started
2025-11-07 22:23:09.841 [main] INFO  [InitializationService.java:28] - Populating store
2025-11-07 22:23:09.845 [main] INFO  [BookingRepository.java:41] - Booking has been added
2025-11-07 22:23:09.845 [main] INFO  [BookingRepository.java:41] - Booking has been added
2025-11-07 22:23:09.845 [main] INFO  [BookingRepository.java:41] - Booking has been added
2025-11-07 22:23:09.845 [main] INFO  [BookingRepository.java:41] - Booking has been added
2025-11-07 22:23:09.845 [main] INFO  [BookingRepository.java:41] - Booking has been added
2025-11-07 22:23:09.845 [main] INFO  [BookingRepository.java:41] - Booking has been added
2025-11-07 22:23:13.782 [main] INFO  [BookingRepository.java:21] - Returned a list of all current bookings
2025-11-07 22:25:04.741 [main] INFO  [App.java:18] - Booking app started
2025-11-07 22:25:04.751 [main] INFO  [InitializationService.java:27] - Populating store
2025-11-07 22:25:04.753 [main] INFO  [BookingRepository.java:41] - Booking has been added
2025-11-07 22:25:04.753 [main] INFO  [BookingRepository.java:41] - Booking has been added
2025-11-07 22:25:04.754 [main] INFO  [BookingRepository.java:41] - Booking has been added
2025-11-07 22:25:04.754 [main] INFO  [BookingRepository.java:41] - Booking has been added
2025-11-07 22:25:04.754 [main] INFO  [BookingRepository.java:41] - Booking has been added
2025-11-07 22:25:04.754 [main] INFO  [BookingRepository.java:41] - Booking has been added
2025-11-07 22:25:07.639 [main] INFO  [BookingRepository.java:21] - Returned a list of all current bookings
2025-11-07 22:26:57.842 [main] INFO  [App.java:18] - Booking app started
2025-11-07 22:26:57.848 [main] INFO  [InitializationService.java:28] - Populating store
2025-11-07 22:26:57.851 [main] INFO  [BookingRepository.java:41] - Booking has been added
2025-11-07 22:26:57.851 [main] INFO  [BookingRepository.java:41] - Booking has been added
2025-11-07 22:26:57.851 [main] INFO  [BookingRepository.java:41] - Booking has been added
2025-11-07 22:26:57.851 [main] INFO  [BookingRepository.java:41] - Booking has been added
2025-11-07 22:26:57.852 [main] INFO  [BookingRepository.java:41] - Booking has been added
2025-11-07 22:26:57.852 [main] INFO  [BookingRepository.java:41] - Booking has been added
2025-11-07 22:27:00.283 [main] INFO  [BookingRepository.java:21] - Returned a list of all current bookings
2025-11-07 22:36:12.435 [main] INFO  [App.java:18] - Booking app started
2025-11-07 22:36:12.442 [main] INFO  [InitializationService.java:30] - Populating store
2025-11-07 22:36:12.445 [main] INFO  [BookingRepository.java:41] - Booking has been added
2025-11-07 22:36:12.445 [main] INFO  [BookingRepository.java:41] - Booking has been added
2025-11-07 22:36:12.446 [main] INFO  [BookingRepository.java:41] - Booking has been added
2025-11-07 22:36:12.446 [main] INFO  [BookingRepository.java:41] - Booking has been added
2025-11-07 22:36:12.446 [main] INFO  [BookingRepository.java:41] - Booking has been added
2025-11-07 22:36:12.446 [main] INFO  [BookingRepository.java:41] - Booking has been added
2025-11-07 22:36:15.490 [main] INFO  [BookingRepository.java:21] - Returned a list of all current bookings
2025-11-07 22:39:00.959 [main] INFO  [App.java:18] - Booking app started
2025-11-07 22:39:00.966 [main] INFO  [InitializationService.java:29] - Populating store
2025-11-07 22:39:00.968 [main] INFO  [BookingRepository.java:41] - Booking has been added
2025-11-07 22:39:00.968 [main] INFO  [BookingRepository.java:41] - Booking has been added
2025-11-07 22:39:00.968 [main] INFO  [BookingRepository.java:41] - Booking has been added
2025-11-07 22:39:00.968 [main] INFO  [BookingRepository.java:41] - Booking has been added
2025-11-07 22:39:00.968 [main] INFO  [BookingRepository.java:41] - Booking has been added
2025-11-07 22:39:00.968 [main] INFO  [BookingRepository.java:41] - Booking has been added
2025-11-07 22:39:03.620 [main] INFO  [BookingRepository.java:21] - Returned a list of all current bookings
2025-11-07 22:41:46.116 [main] INFO  [App.java:18] - Booking app started
2025-11-07 22:41:46.142 [main] INFO  [InitializationService.java:29] - Populating store
2025-11-07 22:41:46.154 [main] INFO  [BookingRepository.java:41] - Booking has been added
2025-11-07 22:41:46.154 [main] INFO  [BookingRepository.java:41] - Booking has been added
2025-11-07 22:41:46.154 [main] INFO  [BookingRepository.java:41] - Booking has been added
2025-11-07 22:41:46.155 [main] INFO  [BookingRepository.java:41] - Booking has been added
2025-11-07 22:41:46.155 [main] INFO  [BookingRepository.java:41] - Booking has been added
2025-11-07 22:41:46.155 [main] INFO  [BookingRepository.java:41] - Booking has been added
2025-11-07 22:41:50.916 [main] INFO  [BookingRepository.java:21] - Returned a list of all current bookings
2025-11-07 22:42:36.484 [main] INFO  [App.java:18] - Booking app started
2025-11-07 22:42:36.491 [main] INFO  [InitializationService.java:29] - Populating store
2025-11-07 22:42:36.493 [main] INFO  [BookingRepository.java:41] - Booking has been added
2025-11-07 22:42:36.493 [main] INFO  [BookingRepository.java:41] - Booking has been added
2025-11-07 22:42:36.494 [main] INFO  [BookingRepository.java:41] - Booking has been added
2025-11-07 22:42:36.494 [main] INFO  [BookingRepository.java:41] - Booking has been added
2025-11-07 22:42:36.494 [main] INFO  [BookingRepository.java:41] - Booking has been added
2025-11-07 22:42:36.494 [main] INFO  [BookingRepository.java:41] - Booking has been added
2025-11-07 22:42:38.509 [main] INFO  [BookingRepository.java:21] - Returned a list of all current bookings
2025-11-07 22:53:01.132 [main] INFO  [App.java:18] - Booking app started
2025-11-07 22:53:01.142 [main] INFO  [InitializationService.java:29] - Populating store
2025-11-07 22:53:01.145 [main] INFO  [BookingRepository.java:41] - Booking has been added
2025-11-07 22:53:01.145 [main] INFO  [BookingRepository.java:41] - Booking has been added
2025-11-07 22:53:01.145 [main] INFO  [BookingRepository.java:41] - Booking has been added
2025-11-07 22:53:01.146 [main] INFO  [BookingRepository.java:41] - Booking has been added
2025-11-07 22:53:01.146 [main] INFO  [BookingRepository.java:41] - Booking has been added
2025-11-07 22:53:01.146 [main] INFO  [BookingRepository.java:41] - Booking has been added
2025-11-07 22:53:51.522 [main] INFO  [BookingRepository.java:41] - Booking has been added
2025-11-07 22:53:51.524 [main] INFO  [MockEmailService.java:19] - E-mail has been sent to customer. To: w@w.se E-mail body: The status of your booking is now BOOKED
2025-11-07 22:55:54.177 [main] INFO  [App.java:18] - Booking app started
2025-11-07 22:55:54.186 [main] INFO  [InitializationService.java:29] - Populating store
2025-11-07 22:55:54.189 [main] INFO  [BookingRepository.java:41] - Booking has been added
2025-11-07 22:55:54.189 [main] INFO  [BookingRepository.java:41] - Booking has been added
2025-11-07 22:55:54.189 [main] INFO  [BookingRepository.java:41] - Booking has been added
2025-11-07 22:55:54.189 [main] INFO  [BookingRepository.java:41] - Booking has been added
2025-11-07 22:55:54.189 [main] INFO  [BookingRepository.java:41] - Booking has been added
2025-11-07 22:55:54.189 [main] INFO  [BookingRepository.java:41] - Booking has been added
2025-11-07 22:56:21.113 [main] INFO  [BookingRepository.java:41] - Booking has been added
2025-11-07 22:56:21.114 [main] INFO  [MockEmailService.java:19] - E-mail has been sent to customer. To: w@w.se E-mail body: The status of your booking is now BOOKED
2025-11-07 23:03:31.823 [main] INFO  [App.java:18] - Booking app started
2025-11-07 23:03:31.832 [main] INFO  [InitializationService.java:29] - Populating store
2025-11-07 23:03:31.833 [main] INFO  [BookingRepository.java:41] - Booking has been added
2025-11-07 23:03:31.833 [main] INFO  [BookingRepository.java:41] - Booking has been added
2025-11-07 23:03:31.833 [main] INFO  [BookingRepository.java:41] - Booking has been added
2025-11-07 23:03:31.833 [main] INFO  [BookingRepository.java:41] - Booking has been added
2025-11-07 23:03:31.833 [main] INFO  [BookingRepository.java:41] - Booking has been added
2025-11-07 23:03:31.834 [main] INFO  [BookingRepository.java:41] - Booking has been added
2025-11-07 23:03:50.477 [main] INFO  [BookingRepository.java:41] - Booking has been added
2025-11-07 23:03:50.478 [main] INFO  [MockEmailService.java:19] - E-mail has been sent to customer. To: w@w.se E-mail body: The status of your booking is now BOOKED
2025-11-07 23:04:35.038 [main] INFO  [App.java:18] - Booking app started
2025-11-07 23:04:35.049 [main] INFO  [InitializationService.java:29] - Populating store
2025-11-07 23:04:35.051 [main] INFO  [BookingRepository.java:41] - Booking has been added
2025-11-07 23:04:35.051 [main] INFO  [BookingRepository.java:41] - Booking has been added
2025-11-07 23:04:35.051 [main] INFO  [BookingRepository.java:41] - Booking has been added
2025-11-07 23:04:35.052 [main] INFO  [BookingRepository.java:41] - Booking has been added
2025-11-07 23:04:35.052 [main] INFO  [BookingRepository.java:41] - Booking has been added
2025-11-07 23:04:35.052 [main] INFO  [BookingRepository.java:41] - Booking has been added
2025-11-07 23:05:24.875 [main] INFO  [BookingRepository.java:41] - Booking has been added
2025-11-07 23:06:56.453 [main] INFO  [MockEmailService.java:19] - E-mail has been sent to customer. To: w@w.se E-mail body: The status of your booking is now BOOKED
2025-11-07 23:08:06.029 [main] INFO  [App.java:19] - Booking app started
2025-11-07 23:08:06.037 [main] INFO  [InitializationService.java:29] - Populating store
2025-11-07 23:08:06.039 [main] INFO  [BookingRepository.java:41] - Booking has been added
2025-11-07 23:08:06.039 [main] INFO  [BookingRepository.java:41] - Booking has been added
2025-11-07 23:08:06.039 [main] INFO  [BookingRepository.java:41] - Booking has been added
2025-11-07 23:08:06.039 [main] INFO  [BookingRepository.java:41] - Booking has been added
2025-11-07 23:08:06.040 [main] INFO  [BookingRepository.java:41] - Booking has been added
2025-11-07 23:08:06.040 [main] INFO  [BookingRepository.java:41] - Booking has been added
2025-11-07 23:08:26.878 [main] INFO  [BookingRepository.java:41] - Booking has been added
2025-11-07 23:09:42.985 [main] INFO  [App.java:19] - Booking app started
2025-11-07 23:09:42.992 [main] INFO  [InitializationService.java:29] - Populating store
2025-11-07 23:09:42.994 [main] INFO  [BookingRepository.java:41] - Booking has been added
2025-11-07 23:09:42.994 [main] INFO  [BookingRepository.java:41] - Booking has been added
2025-11-07 23:09:42.994 [main] INFO  [BookingRepository.java:41] - Booking has been added
2025-11-07 23:09:42.994 [main] INFO  [BookingRepository.java:41] - Booking has been added
2025-11-07 23:09:42.994 [main] INFO  [BookingRepository.java:41] - Booking has been added
2025-11-07 23:09:42.995 [main] INFO  [BookingRepository.java:41] - Booking has been added
2025-11-07 23:10:12.655 [main] INFO  [BookingRepository.java:41] - Booking has been added
2025-11-07 23:11:01.285 [main] INFO  [App.java:19] - Booking app started
2025-11-07 23:11:01.297 [main] INFO  [InitializationService.java:29] - Populating store
2025-11-07 23:11:01.299 [main] INFO  [BookingRepository.java:41] - Booking has been added
2025-11-07 23:11:01.299 [main] INFO  [BookingRepository.java:41] - Booking has been added
2025-11-07 23:11:01.299 [main] INFO  [BookingRepository.java:41] - Booking has been added
2025-11-07 23:11:01.300 [main] INFO  [BookingRepository.java:41] - Booking has been added
2025-11-07 23:11:01.300 [main] INFO  [BookingRepository.java:41] - Booking has been added
2025-11-07 23:11:01.300 [main] INFO  [BookingRepository.java:41] - Booking has been added
2025-11-07 23:11:17.233 [main] INFO  [BookingRepository.java:41] - Booking has been added
2025-11-07 23:14:05.389 [main] INFO  [App.java:19] - Booking app started
2025-11-07 23:14:05.398 [main] INFO  [InitializationService.java:29] - Populating store
2025-11-07 23:14:05.399 [main] INFO  [BookingRepository.java:41] - Booking has been added
2025-11-07 23:14:05.400 [main] INFO  [BookingRepository.java:41] - Booking has been added
2025-11-07 23:14:05.400 [main] INFO  [BookingRepository.java:41] - Booking has been added
2025-11-07 23:14:05.400 [main] INFO  [BookingRepository.java:41] - Booking has been added
2025-11-07 23:14:05.400 [main] INFO  [BookingRepository.java:41] - Booking has been added
2025-11-07 23:14:05.400 [main] INFO  [BookingRepository.java:41] - Booking has been added
2025-11-07 23:14:22.758 [main] INFO  [BookingRepository.java:41] - Booking has been added
2025-11-07 23:15:21.495 [main] INFO  [BookingRepository.java:41] - Booking has been added
2025-11-08 00:18:11.586 [main] INFO  [App.java:19] - Booking app started
2025-11-08 00:18:11.596 [main] INFO  [InitializationService.java:29] - Populating store
2025-11-08 00:18:11.600 [main] INFO  [BookingRepository.java:41] - Booking has been added
2025-11-08 00:18:11.600 [main] INFO  [BookingRepository.java:41] - Booking has been added
2025-11-08 00:18:11.600 [main] INFO  [BookingRepository.java:41] - Booking has been added
2025-11-08 00:18:11.600 [main] INFO  [BookingRepository.java:41] - Booking has been added
2025-11-08 00:18:11.600 [main] INFO  [BookingRepository.java:41] - Booking has been added
2025-11-08 00:18:11.600 [main] INFO  [BookingRepository.java:41] - Booking has been added
2025-11-08 00:18:38.873 [main] INFO  [BookingRepository.java:41] - Booking has been added
2025-11-08 00:19:02.367 [main] INFO  [BookingRepository.java:21] - Returned a list of all current bookings
2025-11-08 00:19:42.787 [main] INFO  [BookingRepository.java:21] - Returned a list of all current bookings
2025-11-08 00:19:57.355 [main] ERROR [BookingRepository.java:53] - Booking not found in system and can therefore not be updated
2025-11-08 00:20:30.780 [main] INFO  [BookingRepository.java:21] - Returned a list of all current bookings
2025-11-08 00:20:37.775 [main] INFO  [BookingRepository.java:32] - Found booking with id: 7
2025-11-08 00:20:37.779 [main] INFO  [BookingRepository.java:50] - Booking has been updated
2025-11-08 00:20:48.200 [main] INFO  [BookingRepository.java:21] - Returned a list of all current bookings
2025-11-08 00:23:11.953 [main] INFO  [App.java:19] - Booking app started
2025-11-08 00:23:11.966 [main] INFO  [InitializationService.java:29] - Populating store
2025-11-08 00:23:11.968 [main] INFO  [BookingRepository.java:41] - Booking has been added
2025-11-08 00:23:11.968 [main] INFO  [BookingRepository.java:41] - Booking has been added
2025-11-08 00:23:11.968 [main] INFO  [BookingRepository.java:41] - Booking has been added
2025-11-08 00:23:11.968 [main] INFO  [BookingRepository.java:41] - Booking has been added
2025-11-08 00:23:11.969 [main] INFO  [BookingRepository.java:41] - Booking has been added
2025-11-08 00:23:11.969 [main] INFO  [BookingRepository.java:41] - Booking has been added
2025-11-08 00:23:41.849 [main] INFO  [BookingRepository.java:41] - Booking has been added
2025-11-08 00:24:04.331 [main] INFO  [BookingRepository.java:21] - Returned a list of all current bookings
2025-11-08 00:24:16.936 [main] ERROR [BookingRepository.java:53] - Booking not found in system and can therefore not be updated
2025-11-08 00:27:36.155 [main] INFO  [App.java:19] - Booking app started
2025-11-08 00:27:36.195 [main] INFO  [InitializationService.java:29] - Populating store
2025-11-08 00:27:36.201 [main] INFO  [BookingRepository.java:41] - Booking has been added
2025-11-08 00:27:36.201 [main] INFO  [BookingRepository.java:41] - Booking has been added
2025-11-08 00:27:36.201 [main] INFO  [BookingRepository.java:41] - Booking has been added
2025-11-08 00:27:36.202 [main] INFO  [BookingRepository.java:41] - Booking has been added
2025-11-08 00:27:36.202 [main] INFO  [BookingRepository.java:41] - Booking has been added
2025-11-08 00:27:36.202 [main] INFO  [BookingRepository.java:41] - Booking has been added
2025-11-08 00:28:05.752 [main] INFO  [BookingRepository.java:41] - Booking has been added
2025-11-08 00:28:22.696 [main] INFO  [BookingRepository.java:21] - Returned a list of all current bookings
2025-11-08 00:28:34.656 [main] ERROR [BookingRepository.java:53] - Booking not found in system and can therefore not be updated
2025-11-08 00:34:09.326 [main] INFO  [App.java:19] - Booking app started
2025-11-08 00:34:09.366 [main] INFO  [InitializationService.java:29] - Populating store
2025-11-08 00:34:09.370 [main] INFO  [BookingRepository.java:41] - Booking has been added
2025-11-08 00:34:09.370 [main] INFO  [BookingRepository.java:41] - Booking has been added
2025-11-08 00:34:09.370 [main] INFO  [BookingRepository.java:41] - Booking has been added
2025-11-08 00:34:09.371 [main] INFO  [BookingRepository.java:41] - Booking has been added
2025-11-08 00:34:09.371 [main] INFO  [BookingRepository.java:41] - Booking has been added
2025-11-08 00:34:09.371 [main] INFO  [BookingRepository.java:41] - Booking has been added
2025-11-08 00:34:49.673 [main] INFO  [BookingRepository.java:41] - Booking has been added
2025-11-08 00:35:02.410 [main] INFO  [BookingRepository.java:21] - Returned a list of all current bookings
2025-11-08 00:35:13.092 [main] INFO  [BookingRepository.java:50] - Booking has been updated
2025-11-08 00:35:43.937 [main] INFO  [BookingRepository.java:21] - Returned a list of all current bookings
2025-11-08 00:39:12.780 [main] INFO  [App.java:19] - Booking app started
2025-11-08 00:39:12.791 [main] INFO  [InitializationService.java:29] - Populating store
2025-11-08 00:39:12.797 [main] INFO  [BookingRepository.java:41] - Booking has been added
2025-11-08 00:39:12.798 [main] INFO  [BookingRepository.java:41] - Booking has been added
2025-11-08 00:39:12.798 [main] INFO  [BookingRepository.java:41] - Booking has been added
2025-11-08 00:39:12.798 [main] INFO  [BookingRepository.java:41] - Booking has been added
2025-11-08 00:39:12.798 [main] INFO  [BookingRepository.java:41] - Booking has been added
2025-11-08 00:39:12.798 [main] INFO  [BookingRepository.java:41] - Booking has been added
2025-11-08 00:39:58.541 [main] INFO  [BookingRepository.java:41] - Booking has been added
2025-11-08 00:40:13.362 [main] INFO  [BookingRepository.java:21] - Returned a list of all current bookings
2025-11-08 00:40:30.594 [main] INFO  [BookingRepository.java:21] - Returned a list of all current bookings
2025-11-08 00:42:15.907 [main] WARN  [BookingRepository.java:29] - Booking with id: 5 not found in the system
2025-11-08 00:42:18.973 [main] INFO  [BookingRepository.java:21] - Returned a list of all current bookings
2025-11-08 00:54:16.406 [main] INFO  [App.java:19] - Booking app started
2025-11-08 00:54:16.412 [main] INFO  [InitializationService.java:29] - Populating store
2025-11-08 00:54:16.414 [main] INFO  [BookingRepository.java:41] - Booking has been added
2025-11-08 00:54:16.414 [main] INFO  [BookingRepository.java:41] - Booking has been added
2025-11-08 00:54:16.414 [main] INFO  [BookingRepository.java:41] - Booking has been added
2025-11-08 00:54:16.414 [main] INFO  [BookingRepository.java:41] - Booking has been added
2025-11-08 00:54:16.414 [main] INFO  [BookingRepository.java:41] - Booking has been added
2025-11-08 00:54:16.414 [main] INFO  [BookingRepository.java:41] - Booking has been added
2025-11-08 00:54:50.666 [main] INFO  [BookingRepository.java:41] - Booking has been added
2025-11-08 00:55:00.611 [main] INFO  [BookingRepository.java:21] - Returned a list of all current bookings
2025-11-08 00:55:15.058 [main] INFO  [BookingRepository.java:21] - Returned a list of all current bookings
2025-11-08 00:55:29.476 [main] INFO  [BookingRepository.java:50] - Booking has been updated
2025-11-08 01:01:32.425 [main] INFO  [BookingRepository.java:21] - Returned a list of all current bookings
2025-11-08 01:03:27.843 [main] INFO  [App.java:19] - Booking app started
2025-11-08 01:03:27.852 [main] INFO  [InitializationService.java:29] - Populating store
2025-11-08 01:04:07.150 [main] INFO  [BookingRepository.java:21] - Returned a list of all current bookings
2025-11-08 01:06:42.486 [main] INFO  [App.java:19] - Booking app started
2025-11-08 01:06:42.493 [main] INFO  [InitializationService.java:29] - Populating store
2025-11-08 01:07:16.458 [main] INFO  [BookingRepository.java:21] - Returned a list of all current bookings
2025-11-08 01:07:25.434 [main] INFO  [BookingRepository.java:49] - Booking has been updated
2025-11-08 01:07:40.333 [main] INFO  [BookingRepository.java:21] - Returned a list of all current bookings
2025-11-08 01:07:54.704 [main] INFO  [BookingRepository.java:21] - Returned a list of all current bookings
2025-11-08 01:08:09.264 [main] ERROR [BookingRepository.java:52] - Booking not found in system and can therefore not be updated
2025-11-08 01:11:08.888 [main] INFO  [App.java:19] - Booking app started
2025-11-08 01:11:08.897 [main] INFO  [InitializationService.java:29] - Populating store
2025-11-08 01:11:46.468 [main] INFO  [BookingRepository.java:21] - Returned a list of all current bookings
2025-11-08 01:11:57.761 [main] INFO  [BookingRepository.java:49] - Booking has been updated
2025-11-08 01:12:05.881 [main] INFO  [BookingRepository.java:21] - Returned a list of all current bookings
2025-11-08 01:12:23.985 [main] INFO  [BookingRepository.java:21] - Returned a list of all current bookings
2025-11-08 01:12:31.967 [main] INFO  [BookingRepository.java:32] - Found booking with id: 7
